Microsoft HTML Help Compiler 4.74.8702

Compiling e:\minipad2\Chinese.chm


Compile time: 0 minutes, 2 seconds
85	Topics
292	Local links
52	Internet links
0	Graphics


Created e:\minipad2\Chinese.chm, 101,582 bytes
Compression decreased file by 24,890 bytes.
Microsoft HTML Help Compiler 4.74.8702

Compiling e:\minipad2\English.chm


Compile time: 0 minutes, 2 seconds
85	Topics
289	Local links
52	Internet links
0	Graphics


Created e:\minipad2\English.chm, 91,278 bytes
Compression decreased file by 66,096 bytes.
Microsoft HTML Help Compiler 4.74.8702

Compiling e:\minipad2\English.chm


Compile time: 0 minutes, 2 seconds
85	Topics
289	Local links
52	Internet links
0	Graphics


Created e:\minipad2\English.chm, 91,280 bytes
Compression decreased file by 66,090 bytes.
